<?xml version="1.0" encoding="UTF-8"?>
<!-- Generated by org.testng.reporters.JUnitXMLReporter -->
<testsuite ignored="2" hostname="DESKTOP-K93CN0Q" failures="0" tests="3" name="Default test" time="1.302" errors="0" timestamp="2022-09-29T06:15:14 EET">
  <testcase classname="tests.AddToCartTest" name="addToCard" time="1.095"/>
  <testcase classname="tests.OrderConfirmationValidation" name="urlCheck" time="0.012"/>
  <testcase classname="tests.OrderConfirmationValidation" name="orderConfirmationMessage" time="0.118"/>
  <testcase classname="tests.TestBase" name="@BeforeSuite startDriver" time="0.0">
    <ignored/>
  </testcase> <!-- @BeforeSuite startDriver -->
  <testcase classname="tests.TestBase" name="@AfterSuite closeDriver" time="0.0">
    <ignored/>
  </testcase> <!-- @AfterSuite closeDriver -->
</testsuite> <!-- Default test -->
